
09/06/2024, 1:19:44 AM - ERROR: Download of "https://www.11digital.ae/about-us", referred from "/Users/yasseraly/digital/www.11digital.ae/index.html", failed with error code 404 (not found)
09/06/2024, 1:19:44 AM - ERROR: Download of "https://www.11digital.ae/about-us", referred from "/Users/yasseraly/digital/www.11digital.ae/service/webflow-agency.html", failed with error code 404 (not found)
09/06/2024, 1:19:44 AM - ERROR: Download of "https://www.11digital.ae/about-us", referred from "/Users/yasseraly/digital/www.11digital.ae/service/seo-agency.html", failed with error code 404 (not found)
09/06/2024, 1:19:44 AM - ERROR: Download of "https://www.11digital.ae/about-us", referred from "/Users/yasseraly/digital/www.11digital.ae/service/video-production-and-photography.html", failed with error code 404 (not found)
09/06/2024, 1:19:44 AM - ERROR: Download of "https://www.11digital.ae/about-us", referred from "/Users/yasseraly/digital/www.11digital.ae/service/sonic-branding.html", failed with error code 404 (not found)
09/06/2024, 1:19:44 AM - ERROR: Download of "https://www.11digital.ae/about-us", referred from "/Users/yasseraly/digital/www.11digital.ae/work-with-11digital.html", failed with error code 404 (not found)
09/06/2024, 1:19:44 AM - ERROR: Download of "https://www.11digital.ae/about-us", referred from "/Users/yasseraly/digital/www.11digital.ae/case-studies.html", failed with error code 404 (not found)
09/06/2024, 1:19:44 AM - ERROR: Download of "https://www.11digital.ae/about-us", referred from "/Users/yasseraly/digital/www.11digital.ae/service/influencer-marketing.html", failed with error code 404 (not found)
09/06/2024, 1:19:44 AM - ERROR: Download of "https://www.11digital.ae/about-us", referred from "/Users/yasseraly/digital/www.11digital.ae/service/social-media-marketing.html", failed with error code 404 (not found)
09/06/2024, 1:19:44 AM - ERROR: Download of "https://www.11digital.ae/about-us", referred from "/Users/yasseraly/digital/www.11digital.ae/service/content-marketing.html", failed with error code 404 (not found)
09/06/2024, 1:19:44 AM - ERROR: Download of "https://www.11digital.ae/about-us", referred from "/Users/yasseraly/digital/www.11digital.ae/service/ppc-marketing-services.html", failed with error code 404 (not found)
09/06/2024, 1:19:44 AM - ERROR: Download of "https://www.11digital.ae/about-us", referred from "/Users/yasseraly/digital/www.11digital.ae/blog.html", failed with error code 404 (not found)
09/06/2024, 1:19:46 AM - ERROR: Download of "https://www.11digital.ae/about-us", referred from "/Users/yasseraly/digital/www.11digital.ae/post/dubai-webflow-agency-pricing.html", failed with error code 404 (not found)
09/06/2024, 1:19:47 AM - ERROR: Download of "https://www.11digital.ae/about-us", referred from "/Users/yasseraly/digital/www.11digital.ae/post/11-digital-has-joined-vezafy.html", failed with error code 404 (not found)
09/06/2024, 1:19:48 AM - ERROR: Download of "https://www.11digital.ae/about-us", referred from "/Users/yasseraly/digital/www.11digital.ae/post/ppc-advertising-in-dubai-guide.html", failed with error code 404 (not found)
09/06/2024, 1:19:49 AM - ERROR: Download of "https://www.11digital.ae/about-us", referred from "/Users/yasseraly/digital/www.11digital.ae/legal/privacy-policy.html", failed with error code 404 (not found)
09/06/2024, 1:19:49 AM - ERROR: Download of "https://www.11digital.ae/about-us", referred from "/Users/yasseraly/digital/www.11digital.ae/legal/terms-of-service.html", failed with error code 404 (not found)
09/06/2024, 1:19:59 AM - ERROR: Download of "https://www.11digital.ae/about-us", referred from "/Users/yasseraly/digital/www.11digital.ae/case-studies/dubai-taxi-company.html", failed with error code 404 (not found)
09/06/2024, 1:19:59 AM - ERROR: Download of "https://www.11digital.ae/about-us", referred from "/Users/yasseraly/digital/www.11digital.ae/post/how-to-choose-digital-marketing-agency-in-dubai.html", failed with error code 404 (not found)
09/06/2024, 1:20:00 AM - ERROR: Download of "https://www.11digital.ae/about-us", referred from "/Users/yasseraly/digital/www.11digital.ae/post/webflow-website-design-guide-for-dubai.html", failed with error code 404 (not found)
09/06/2024, 1:20:01 AM - ERROR: Download of "https://www.11digital.ae/about-us", referred from "/Users/yasseraly/digital/www.11digital.ae/post/dubai-social-media-grow-guide.html", failed with error code 404 (not found)
09/06/2024, 1:20:01 AM - ERROR: Download of "https://www.11digital.ae/about-us", referred from "/Users/yasseraly/digital/www.11digital.ae/post/data-driven-digital-marketing-strategies.html", failed with error code 404 (not found)
09/06/2024, 1:20:01 AM - ERROR: Download of "https://www.11digital.ae/about-us", referred from "/Users/yasseraly/digital/www.11digital.ae/post/content-marketing-local-seo-dubai-best-practices.html", failed with error code 404 (not found)
09/06/2024, 1:20:01 AM - ERROR: Download of "https://www.11digital.ae/about-us", referred from "/Users/yasseraly/digital/www.11digital.ae/post/visual-storytelling-business-videos.html", failed with error code 404 (not found)
09/06/2024, 1:20:01 AM - ERROR: Download of "https://www.11digital.ae/about-us", referred from "/Users/yasseraly/digital/www.11digital.ae/post/why-webflow-is-perfect-for-building-dubai-business-website.html", failed with error code 404 (not found)

---------------------
